[0.166s] Invoking command in '/home/trungty/Downloads/moveit2_UR5/build/ur5_pick_place': CMAKE_PREFIX_PATH=${CMAKE_PREFIX_PATH}:/home/trungty/ws_moveit2/install/moveit_configs_utils:/home/trungty/ws_moveit2/install/launch_param_builder:/opt/ros/humble CONDA_PROMPT_MODIFIER=(base) /usr/bin/cmake --build /home/trungty/Downloads/moveit2_UR5/build/ur5_pick_place -- -j12 -l12
[0.183s] -- Found ament_cmake: 1.3.11 (/opt/ros/humble/share/ament_cmake/cmake)
[0.282s] -- Found moveit_task_constructor_core: 0.1.3 (/home/trungty/ws_moveit2/install/moveit_task_constructor_core/share/moveit_task_constructor_core/cmake)
[0.349s] -- Found rosidl_generator_c: 3.1.6 (/opt/ros/humble/share/rosidl_generator_c/cmake)
[0.357s] -- Found rosidl_adapter: 3.1.6 (/opt/ros/humble/share/rosidl_adapter/cmake)
[0.368s] -- Found rosidl_generator_cpp: 3.1.6 (/opt/ros/humble/share/rosidl_generator_cpp/cmake)
[0.382s] -- Using all available rosidl_typesupport_c: rosidl_typesupport_fastrtps_c;rosidl_typesupport_introspection_c
[0.402s] -- Using all available rosidl_typesupport_cpp: rosidl_typesupport_fastrtps_cpp;rosidl_typesupport_introspection_cpp
[0.599s] -- Found Boost: /home/trungty/anaconda3/lib/cmake/Boost-1.82.0/BoostConfig.cmake (found version "1.82.0") found components: chrono date_time filesystem iostreams program_options regex serialization system thread 
[0.663s] -- Found parameter_traits: 0.4.0 (/opt/ros/humble/share/parameter_traits/cmake)
[0.718s] -- Found rmw_implementation_cmake: 6.1.2 (/opt/ros/humble/share/rmw_implementation_cmake/cmake)
[0.724s] -- Found rmw_fastrtps_cpp: 6.2.7 (/opt/ros/humble/share/rmw_fastrtps_cpp/cmake)
[0.804s] -- Found OpenSSL: /usr/lib/x86_64-linux-gnu/libcrypto.so (found version "3.0.2")  
[0.824s] -- Found FastRTPS: /opt/ros/humble/include  
[0.858s] -- Using RMW implementation 'rmw_fastrtps_cpp' as default
[0.873s] -- Found Threads: TRUE  
[0.915s] -- Found Eigen3: TRUE (found version "3.4.0") 
[0.919s] -- Found rclcpp_lifecycle: 16.0.12 (/opt/ros/humble/share/rclcpp_lifecycle/cmake)
[0.942s] -- Found Boost: /home/trungty/anaconda3/lib/cmake/Boost-1.82.0/BoostConfig.cmake (found version "1.82.0") found components: filesystem 
[1.019s] -- library: /usr/lib/x86_64-linux-gnu/libcurl.so
[1.077s] -- Ensuring Eigen3 include directory is part of orocos-kdl CMake target
[1.303s] -- Found Boost: /home/trungty/anaconda3/lib/cmake/Boost-1.82.0/BoostConfig.cmake (found version "1.82.0") found components: system filesystem date_time program_options thread chrono 
[1.326s] -- Found Boost: /home/trungty/anaconda3/lib/cmake/Boost-1.82.0/BoostConfig.cmake (found version "1.82.0") found components: date_time filesystem program_options system thread 
[1.337s] -- Found Boost: /home/trungty/anaconda3/lib/cmake/Boost-1.82.0/BoostConfig.cmake (found version "1.82.0") found components: thread system filesystem regex date_time program_options 
[1.355s] -- Found Boost: /home/trungty/anaconda3/lib/cmake/Boost-1.82.0/BoostConfig.cmake (found version "1.82.0") found components: system filesystem date_time program_options thread 
[1.409s] -- Found ament_lint_auto: 0.12.12 (/opt/ros/humble/share/ament_lint_auto/cmake)
[1.478s] -- Added test 'copyright' to check source files copyright and LICENSE
[1.479s] -- Added test 'cppcheck' to perform static code analysis on C / C++ code
[1.479s] -- Configured cppcheck include dirs: $<BUILD_INTERFACE:/home/trungty/Downloads/moveit2_UR5/src/ur5_pick_place/include>
[1.479s] -- Configured cppcheck exclude dirs and/or files: 
[1.480s] -- Added test 'cpplint' to check C / C++ code against the Google style
[1.480s] -- Configured cpplint exclude dirs and/or files: 
[1.480s] -- Added test 'lint_cmake' to check CMake code style
[1.481s] -- Added test 'uncrustify' to check C / C++ code style
[1.481s] -- Configured uncrustify additional arguments: 
[1.481s] -- Added test 'xmllint' to check XML markup files
[1.481s] -- Configuring done
[1.504s] [33mCMake Warning at CMakeLists.txt:16 (add_executable):
[1.504s]   Cannot generate a safe runtime search path for target ur5_pick_place
[1.504s]   because files in some directories may conflict with libraries in implicit
[1.504s]   directories:
[1.504s] 
[1.504s]     runtime library [libcurl.so.4] in /usr/lib/x86_64-linux-gnu may be hidden by files in:
[1.504s]       /home/trungty/anaconda3/lib
[1.504s]     runtime library [libcrypto.so.3] in /usr/lib/x86_64-linux-gnu may be hidden by files in:
[1.504s]       /home/trungty/anaconda3/lib
[1.504s] 
[1.504s]   Some of these libraries may not be found correctly.
[1.504s] 
[1.504s] [0m
[1.505s] -- Generating done
[1.510s] -- Build files have been written to: /home/trungty/Downloads/moveit2_UR5/build/ur5_pick_place
[1.544s] [ 50%] [32mBuilding CXX object CMakeFiles/ur5_pick_place.dir/src/ur5_pick_place.cpp.o[0m
[1.697s] [01m[K/home/trungty/Downloads/moveit2_UR5/src/ur5_pick_place/src/ur5_pick_place.cpp:2:10:[m[K [01;31m[Kfatal error: [m[Kmoveit/planning_scene/planning_scene.hpp: No such file or directory
[1.697s]     2 | #include [01;31m[K<moveit/planning_scene/planning_scene.hpp>[m[K
[1.698s]       |          [01;31m[K^~~~~~~~~~~~~~~~~~~~~~~~~~~~~~~~~~~~~~~~~~[m[K
[1.698s] compilation terminated.
[1.706s] gmake[2]: *** [CMakeFiles/ur5_pick_place.dir/build.make:76: CMakeFiles/ur5_pick_place.dir/src/ur5_pick_place.cpp.o] Error 1
[1.706s] gmake[1]: *** [CMakeFiles/Makefile2:137: CMakeFiles/ur5_pick_place.dir/all] Error 2
[1.706s] gmake: *** [Makefile:146: all] Error 2
[1.708s] Invoked command in '/home/trungty/Downloads/moveit2_UR5/build/ur5_pick_place' returned '2': CMAKE_PREFIX_PATH=${CMAKE_PREFIX_PATH}:/home/trungty/ws_moveit2/install/moveit_configs_utils:/home/trungty/ws_moveit2/install/launch_param_builder:/opt/ros/humble CONDA_PROMPT_MODIFIER=(base) /usr/bin/cmake --build /home/trungty/Downloads/moveit2_UR5/build/ur5_pick_place -- -j12 -l12
