[0.173s] Invoking command in '/home/trungty/Downloads/moveit2_UR5/build/motion_program': CMAKE_PREFIX_PATH=${CMAKE_PREFIX_PATH}:/home/trungty/Downloads/moveit2_UR5/install/camera_viewer:/home/trungty/ws_moveit2/install/moveit_configs_utils:/home/trungty/ws_moveit2/install/launch_param_builder:/opt/ros/humble CONDA_PROMPT_MODIFIER=(base) /usr/bin/cmake --build /home/trungty/Downloads/moveit2_UR5/build/motion_program -- -j12 -l12
[0.215s] [35m[1mConsolidate compiler generated dependencies of target motion_program[0m
[0.235s] [ 50%] [32mBuilding CXX object CMakeFiles/motion_program.dir/src/motion_program.cpp.o[0m
[3.303s] [01m[K/home/trungty/Downloads/moveit2_UR5/src/motion_program/src/motion_program.cpp:[m[K In member function â€˜[01m[Kmoveit::task_constructor::Task MTCTaskNode::createTask()[m[Kâ€™:
[3.303s] [01m[K/home/trungty/Downloads/moveit2_UR5/src/motion_program/src/motion_program.cpp:197:36:[m[K [01;31m[Kerror: [m[Kâ€˜[01m[KGmake_unique[m[Kâ€™ is not a member of â€˜[01m[Kstd[m[Kâ€™; did you mean â€˜[01m[Kmake_unique[m[Kâ€™?
[3.303s]   197 |   auto stage_detach_object = std:: [01;31m[KGmake_unique[m[K<mtc::stages::ModifyPlanningScene>("detach object");
[3.303s]       |                                    [01;31m[K^~~~~~~~~~~~[m[K
[3.303s]       |                                    [32m[Kmake_unique[m[K
[3.303s] [01m[K/home/trungty/Downloads/moveit2_UR5/src/motion_program/src/motion_program.cpp:197:81:[m[K [01;31m[Kerror: [m[Kexpected primary-expression before â€˜[01m[K>[m[Kâ€™ token
[3.303s]   197 |   auto stage_detach_object = std:: Gmake_unique<mtc::stages::ModifyPlanningScene[01;31m[K>[m[K("detach object");
[3.303s]       |                                                                                 [01;31m[K^[m[K
[5.030s] gmake[2]: *** [CMakeFiles/motion_program.dir/build.make:76: CMakeFiles/motion_program.dir/src/motion_program.cpp.o] Error 1
[5.030s] gmake[1]: *** [CMakeFiles/Makefile2:137: CMakeFiles/motion_program.dir/all] Error 2
[5.030s] gmake: *** [Makefile:146: all] Error 2
[5.031s] Invoked command in '/home/trungty/Downloads/moveit2_UR5/build/motion_program' returned '2': CMAKE_PREFIX_PATH=${CMAKE_PREFIX_PATH}:/home/trungty/Downloads/moveit2_UR5/install/camera_viewer:/home/trungty/ws_moveit2/install/moveit_configs_utils:/home/trungty/ws_moveit2/install/launch_param_builder:/opt/ros/humble CONDA_PROMPT_MODIFIER=(base) /usr/bin/cmake --build /home/trungty/Downloads/moveit2_UR5/build/motion_program -- -j12 -l12
