[0.021s] Invoking command in '/home/trungty/Downloads/moveit2_UR5/build/moveit_task_constructor_msgs': CMAKE_PREFIX_PATH=${CMAKE_PREFIX_PATH}:/home/trungty/ws_moveit2/install/moveit_configs_utils:/home/trungty/ws_moveit2/install/launch_param_builder:/opt/ros/humble CONDA_PROMPT_MODIFIER=(base) /usr/bin/cmake /home/trungty/Downloads/moveit2_UR5/src/moveit_task_constructor/msgs -DCMAKE_INSTALL_PREFIX=/home/trungty/Downloads/moveit2_UR5/install/moveit_task_constructor_msgs
[0.035s] -- Found ament_cmake: 1.3.11 (/opt/ros/humble/share/ament_cmake/cmake)
[0.137s] -- Found builtin_interfaces: 1.2.1 (/opt/ros/humble/share/builtin_interfaces/cmake)
[0.152s] -- Found rosidl_generator_c: 3.1.6 (/opt/ros/humble/share/rosidl_generator_c/cmake)
[0.154s] -- Found rosidl_adapter: 3.1.6 (/opt/ros/humble/share/rosidl_adapter/cmake)
[0.157s] -- Found rosidl_generator_cpp: 3.1.6 (/opt/ros/humble/share/rosidl_generator_cpp/cmake)
[0.164s] -- Using all available rosidl_typesupport_c: rosidl_typesupport_fastrtps_c;rosidl_typesupport_introspection_c
[0.173s] -- Using all available rosidl_typesupport_cpp: rosidl_typesupport_fastrtps_cpp;rosidl_typesupport_introspection_cpp
[0.181s] -- Found moveit_msgs: 2.2.1 (/opt/ros/humble/share/moveit_msgs/cmake)
[0.283s] -- Found rosidl_default_generators: 1.2.0 (/opt/ros/humble/share/rosidl_default_generators/cmake)
[0.291s] -- Found visualization_msgs: 4.8.0 (/opt/ros/humble/share/visualization_msgs/cmake)
[0.378s] [31mCMake Error at /opt/ros/humble/share/rosidl_adapter/cmake/rosidl_adapt_interfaces.cmake:59 (message):
[0.378s]   execute_process(/home/trungty/anaconda3/bin/python3 -m rosidl_adapter
[0.378s]   --package-name moveit_task_constructor_msgs --arguments-file
[0.378s]   /home/trungty/Downloads/moveit2_UR5/build/moveit_task_constructor_msgs/rosidl_adapter__arguments__moveit_task_constructor_msgs.json
[0.378s]   --output-dir
[0.378s]   /home/trungty/Downloads/moveit2_UR5/build/moveit_task_constructor_msgs/rosidl_adapter/moveit_task_constructor_msgs
[0.378s]   --output-file
[0.378s]   /home/trungty/Downloads/moveit2_UR5/build/moveit_task_constructor_msgs/rosidl_adapter/moveit_task_constructor_msgs.idls)
[0.378s]   returned error code 1:
[0.378s] 
[0.378s]   AttributeError processing template 'msg.idl.em'
[0.379s] 
[0.379s]   Traceback (most recent call last):
[0.379s] 
[0.379s]     File "/opt/ros/humble/local/lib/python3.10/dist-packages/rosidl_adapter/resource/__init__.py", line 51, in evaluate_template
[0.379s]       em.BUFFERED_OPT: True,
[0.379s]       ^^^^^^^^^^^^^^^
[0.379s] 
[0.379s]   AttributeError: module 'em' has no attribute 'BUFFERED_OPT'
[0.379s] 
[0.379s]   
[0.379s] 
[0.379s]   During handling of the above exception, another exception occurred:
[0.379s] 
[0.379s]   
[0.379s] 
[0.379s]   Traceback (most recent call last):
[0.379s] 
[0.379s]     File "<frozen runpy>", line 198, in _run_module_as_main
[0.379s]     File "<frozen runpy>", line 88, in _run_code
[0.379s]     File "/opt/ros/humble/local/lib/python3.10/dist-packages/rosidl_adapter/__main__.py", line 19, in <module>
[0.379s]       sys.exit(main())
[0.379s]                ^^^^^^
[0.379s]     File "/opt/ros/humble/local/lib/python3.10/dist-packages/rosidl_adapter/main.py", line 53, in main
[0.379s]       abs_idl_file = convert_to_idl(
[0.379s]                      ^^^^^^^^^^^^^^^
[0.379s]     File "/opt/ros/humble/local/lib/python3.10/dist-packages/rosidl_adapter/__init__.py", line 19, in convert_to_idl
[0.379s]       return convert_msg_to_idl(
[0.379s]              ^^^^^^^^^^^^^^^^^^^
[0.379s]     File "/opt/ros/humble/local/lib/python3.10/dist-packages/rosidl_adapter/msg/__init__.py", line 39, in convert_msg_to_idl
[0.379s]       expand_template('msg.idl.em', data, output_file, encoding='iso-8859-1')
[0.379s]     File "/opt/ros/humble/local/lib/python3.10/dist-packages/rosidl_adapter/resource/__init__.py", line 23, in expand_template
[0.379s]       content = evaluate_template(template_name, data)
[0.379s]                 ^^^^^^^^^^^^^^^^^^^^^^^^^^^^^^^^^^^^^^
[0.379s]     File "/opt/ros/humble/local/lib/python3.10/dist-packages/rosidl_adapter/resource/__init__.py", line 69, in evaluate_template
[0.379s]       _interpreter.shutdown()
[0.379s]       ^^^^^^^^^^^^^^^^^^^^^
[0.379s] 
[0.379s]   AttributeError: 'NoneType' object has no attribute 'shutdown'
[0.379s] 
[0.379s] Call Stack (most recent call first):
[0.379s]   /opt/ros/humble/share/rosidl_cmake/cmake/rosidl_generate_interfaces.cmake:130 (rosidl_adapt_interfaces)
[0.380s]   CMakeLists.txt:32 (rosidl_generate_interfaces)
[0.380s] 
[0.380s] [0m
[0.380s] -- Configuring incomplete, errors occurred!
[0.380s] See also "/home/trungty/Downloads/moveit2_UR5/build/moveit_task_constructor_msgs/CMakeFiles/CMakeOutput.log".
[0.382s] Invoked command in '/home/trungty/Downloads/moveit2_UR5/build/moveit_task_constructor_msgs' returned '1': CMAKE_PREFIX_PATH=${CMAKE_PREFIX_PATH}:/home/trungty/ws_moveit2/install/moveit_configs_utils:/home/trungty/ws_moveit2/install/launch_param_builder:/opt/ros/humble CONDA_PROMPT_MODIFIER=(base) /usr/bin/cmake /home/trungty/Downloads/moveit2_UR5/src/moveit_task_constructor/msgs -DCMAKE_INSTALL_PREFIX=/home/trungty/Downloads/moveit2_UR5/install/moveit_task_constructor_msgs
