[0.183s] Invoking command in '/home/trungty/Downloads/moveit2_UR5/build/motion_program': CMAKE_PREFIX_PATH=${CMAKE_PREFIX_PATH}:/home/trungty/Downloads/moveit2_UR5/install/camera_viewer:/home/trungty/ws_moveit2/install/moveit_configs_utils:/home/trungty/ws_moveit2/install/launch_param_builder:/opt/ros/humble CONDA_PROMPT_MODIFIER=(base) /usr/bin/cmake --build /home/trungty/Downloads/moveit2_UR5/build/motion_program -- -j12 -l12
[0.225s] [35m[1mConsolidate compiler generated dependencies of target motion_program[0m
[0.244s] [ 50%] [32mBuilding CXX object CMakeFiles/motion_program.dir/src/motion_program.cpp.o[0m
[3.313s] [01m[K/home/trungty/Downloads/moveit2_UR5/src/motion_program/src/motion_program.cpp:32:31:[m[K [01;31m[Kerror: [m[Kâ€˜[01m[Kaction[m[Kâ€™ is not a member of â€˜[01m[Kmoveit_msgs[m[Kâ€™
[3.314s]    32 |   rclcpp::Client<moveit_msgs::[01;31m[Kaction[m[K::ExecuteTaskSolution>::SharedPtr execute_client_;
[3.314s]       |                               [01;31m[K^~~~~~[m[K
[3.314s] [01m[K/home/trungty/Downloads/moveit2_UR5/src/motion_program/src/motion_program.cpp:32:58:[m[K [01;31m[Kerror: [m[Ktemplate argument 1 is invalid
[3.314s]    32 |   rclcpp::Client<moveit_msgs::action::ExecuteTaskSolution[01;31m[K>[m[K::SharedPtr execute_client_;
[3.314s]       |                                                          [01;31m[K^[m[K
[3.314s] [01m[K/home/trungty/Downloads/moveit2_UR5/src/motion_program/src/motion_program.cpp:32:61:[m[K [01;31m[Kerror: [m[Kexpected â€˜[01m[K;[m[Kâ€™ at end of member declaration
[3.314s]    32 |   rclcpp::Client<moveit_msgs::action::ExecuteTaskSolution>::[01;31m[KSharedPtr[m[K execute_client_;
[3.314s]       |                                                             [01;31m[K^~~~~~~~~[m[K
[3.314s]       |                                                                      [32m[K;[m[K
[3.316s] [01m[K/home/trungty/Downloads/moveit2_UR5/src/motion_program/src/motion_program.cpp:32:71:[m[K [01;31m[Kerror: [m[Kâ€˜[01m[Kexecute_client_[m[Kâ€™ does not name a type
[3.316s]    32 |   rclcpp::Client<moveit_msgs::action::ExecuteTaskSolution>::SharedPtr [01;31m[Kexecute_client_[m[K;
[3.316s]       |                                                                       [01;31m[K^~~~~~~~~~~~~~~[m[K
[3.323s] [01m[K/home/trungty/Downloads/moveit2_UR5/src/motion_program/src/motion_program.cpp:[m[K In constructor â€˜[01m[KMTCTaskNode::MTCTaskNode(const rclcpp::NodeOptions&)[m[Kâ€™:
[3.323s] [01m[K/home/trungty/Downloads/moveit2_UR5/src/motion_program/src/motion_program.cpp:38:3:[m[K [01;31m[Kerror: [m[Kâ€˜[01m[Kexecute_client_[m[Kâ€™ was not declared in this scope
[3.323s]    38 |   [01;31m[Kexecute_client_[m[K = node_->create_client<moveit_msgs::action::ExecuteTaskSolution>("execute_task_solution");
[3.323s]       |   [01;31m[K^~~~~~~~~~~~~~~[m[K
[3.324s] [01m[K/home/trungty/Downloads/moveit2_UR5/src/motion_program/src/motion_program.cpp:38:55:[m[K [01;31m[Kerror: [m[Kâ€˜[01m[Kaction[m[Kâ€™ is not a member of â€˜[01m[Kmoveit_msgs[m[Kâ€™
[3.324s]    38 |   execute_client_ = node_->create_client<moveit_msgs::[01;31m[Kaction[m[K::ExecuteTaskSolution>("execute_task_solution");
[3.324s]       |                                                       [01;31m[K^~~~~~[m[K
[3.324s] [01m[K/home/trungty/Downloads/moveit2_UR5/src/motion_program/src/motion_program.cpp:38:28:[m[K [01;31m[Kerror: [m[Kparse error in template argument list
[3.324s]    38 |   execute_client_ = node_->[01;31m[Kcreate_client<moveit_msgs::action::ExecuteTaskSolution>[m[K("execute_task_solution");
[3.324s]       |                            [01;31m[K^~~~~~~~~~~~~~~~~~~~~~~~~~~~~~~~~~~~~~~~~~~~~~~~~~~~~~~[m[K
[3.324s] [01m[K/home/trungty/Downloads/moveit2_UR5/src/motion_program/src/motion_program.cpp:38:83:[m[K [01;31m[Kerror: [m[Kno matching function for call to â€˜[01m[Krclcpp::Node::create_client<<expression error> >(const char [22])[m[Kâ€™
[3.324s]    38 |   execute_client_ = [01;31m[Knode_->create_client<moveit_msgs::action::ExecuteTaskSolution>("execute_task_solution")[m[K;
[3.324s]       |                     [01;31m[K~~~~~~~~~~~~~~~~~~~~~~~~~~~~~~~~~~~~~~~~~~~~~~~~~~~~~~~~~~~~~~^~~~~~~~~~~~~~~~~~~~~~~~~[m[K
[3.324s] In file included from [01m[K/opt/ros/humble/include/rclcpp/rclcpp/executors/single_threaded_executor.hpp:28[m[K,
[3.324s]                  from [01m[K/opt/ros/humble/include/rclcpp/rclcpp/executors.hpp:22[m[K,
[3.324s]                  from [01m[K/opt/ros/humble/include/rclcpp/rclcpp/rclcpp.hpp:155[m[K,
[3.324s]                  from [01m[K/home/trungty/Downloads/moveit2_UR5/src/motion_program/src/motion_program.cpp:1[m[K:
[3.324s] [01m[K/opt/ros/humble/include/rclcpp/rclcpp/node.hpp:252:3:[m[K [01;36m[Knote: [m[Kcandidate: â€˜[01m[Ktemplate<class ServiceT> typename rclcpp::Client<ServiceT>::SharedPtr rclcpp::Node::create_client(const string&, const rmw_qos_profile_t&, rclcpp::CallbackGroup::SharedPtr)[m[Kâ€™
[3.324s]   252 |   [01;36m[Kcreate_client[m[K(
[3.324s]       |   [01;36m[K^~~~~~~~~~~~~[m[K
[3.324s] [01m[K/opt/ros/humble/include/rclcpp/rclcpp/node.hpp:252:3:[m[K [01;36m[Knote: [m[K  template argument deduction/substitution failed:
[3.324s] [01m[K/home/trungty/Downloads/moveit2_UR5/src/motion_program/src/motion_program.cpp:38:83:[m[K [01;31m[Kerror: [m[Ktemplate argument 1 is invalid
[3.324s]    38 |   execute_client_ = [01;31m[Knode_->create_client<moveit_msgs::action::ExecuteTaskSolution>("execute_task_solution")[m[K;
[3.324s]       |                     [01;31m[K~~~~~~~~~~~~~~~~~~~~~~~~~~~~~~~~~~~~~~~~~~~~~~~~~~~~~~~~~~~~~~^~~~~~~~~~~~~~~~~~~~~~~~~[m[K
[5.010s] gmake[2]: *** [CMakeFiles/motion_program.dir/build.make:76: CMakeFiles/motion_program.dir/src/motion_program.cpp.o] Error 1
[5.010s] gmake[1]: *** [CMakeFiles/Makefile2:137: CMakeFiles/motion_program.dir/all] Error 2
[5.010s] gmake: *** [Makefile:146: all] Error 2
[5.012s] Invoked command in '/home/trungty/Downloads/moveit2_UR5/build/motion_program' returned '2': CMAKE_PREFIX_PATH=${CMAKE_PREFIX_PATH}:/home/trungty/Downloads/moveit2_UR5/install/camera_viewer:/home/trungty/ws_moveit2/install/moveit_configs_utils:/home/trungty/ws_moveit2/install/launch_param_builder:/opt/ros/humble CONDA_PROMPT_MODIFIER=(base) /usr/bin/cmake --build /home/trungty/Downloads/moveit2_UR5/build/motion_program -- -j12 -l12
