[0.169s] Invoking command in '/home/trungty/Downloads/moveit2_UR5/build/motion_program': CMAKE_PREFIX_PATH=${CMAKE_PREFIX_PATH}:/home/trungty/Downloads/moveit2_UR5/install/camera_viewer:/home/trungty/ws_moveit2/install/moveit_configs_utils:/home/trungty/ws_moveit2/install/launch_param_builder:/opt/ros/humble CONDA_PROMPT_MODIFIER=(base) /usr/bin/cmake --build /home/trungty/Downloads/moveit2_UR5/build/motion_program -- -j12 -l12
[0.190s] -- Found ament_cmake: 1.3.11 (/opt/ros/humble/share/ament_cmake/cmake)
[0.292s] -- Found moveit_ros_planning_interface: 2.5.9 (/home/trungty/ws_moveit2/install/moveit_ros_planning_interface/share/moveit_ros_planning_interface/cmake)
[0.300s] -- Found Boost: /home/trungty/anaconda3/lib/cmake/Boost-1.82.0/BoostConfig.cmake (found version "1.82.0") found components: date_time filesystem program_options system thread 
[0.318s] -- Found rosidl_generator_c: 3.1.6 (/opt/ros/humble/share/rosidl_generator_c/cmake)
[0.319s] -- Found rosidl_adapter: 3.1.6 (/opt/ros/humble/share/rosidl_adapter/cmake)
[0.323s] -- Found rosidl_generator_cpp: 3.1.6 (/opt/ros/humble/share/rosidl_generator_cpp/cmake)
[0.330s] -- Using all available rosidl_typesupport_c: rosidl_typesupport_fastrtps_c;rosidl_typesupport_introspection_c
[0.339s] -- Using all available rosidl_typesupport_cpp: rosidl_typesupport_fastrtps_cpp;rosidl_typesupport_introspection_cpp
[0.458s] -- Found Boost: /home/trungty/anaconda3/lib/cmake/Boost-1.82.0/BoostConfig.cmake (found version "1.82.0") found components: chrono date_time filesystem iostreams program_options regex serialization system thread 
[0.479s] -- Found parameter_traits: 0.4.0 (/opt/ros/humble/share/parameter_traits/cmake)
[0.497s] -- Found rmw_implementation_cmake: 6.1.2 (/opt/ros/humble/share/rmw_implementation_cmake/cmake)
[0.500s] -- Found rmw_fastrtps_cpp: 6.2.7 (/opt/ros/humble/share/rmw_fastrtps_cpp/cmake)
[0.589s] -- Using RMW implementation 'rmw_fastrtps_cpp' as default
[0.620s] -- Found rclcpp_lifecycle: 16.0.12 (/opt/ros/humble/share/rclcpp_lifecycle/cmake)
[0.634s] -- Found Boost: /home/trungty/anaconda3/lib/cmake/Boost-1.82.0/BoostConfig.cmake (found version "1.82.0") found components: filesystem 
[0.660s] -- library: /usr/lib/x86_64-linux-gnu/libcurl.so
[0.676s] -- Ensuring Eigen3 include directory is part of orocos-kdl CMake target
[0.752s] -- Found Boost: /home/trungty/anaconda3/lib/cmake/Boost-1.82.0/BoostConfig.cmake (found version "1.82.0") found components: system filesystem date_time program_options thread chrono 
[0.771s] -- Found Boost: /home/trungty/anaconda3/lib/cmake/Boost-1.82.0/BoostConfig.cmake (found version "1.82.0") found components: thread system filesystem regex date_time program_options 
[0.784s] -- Found Boost: /home/trungty/anaconda3/lib/cmake/Boost-1.82.0/BoostConfig.cmake (found version "1.82.0") found components: system filesystem date_time program_options thread 
[0.802s] -- Found moveit_task_constructor_core: 0.1.3 (/home/trungty/ws_moveit2/install/moveit_task_constructor_core/share/moveit_task_constructor_core/cmake)
[0.845s] -- Found ament_lint_auto: 0.12.12 (/opt/ros/humble/share/ament_lint_auto/cmake)
[0.910s] -- Added test 'cppcheck' to perform static code analysis on C / C++ code
[0.910s] -- Configured cppcheck include dirs: $<BUILD_INTERFACE:/home/trungty/Downloads/moveit2_UR5/src/motion_program/include>
[0.910s] -- Configured cppcheck exclude dirs and/or files: 
[0.910s] -- Added test 'lint_cmake' to check CMake code style
[0.911s] -- Added test 'uncrustify' to check C / C++ code style
[0.911s] -- Configured uncrustify additional arguments: 
[0.911s] -- Added test 'xmllint' to check XML markup files
[0.912s] -- Configuring done
[0.930s] [33mCMake Warning at CMakeLists.txt:19 (add_executable):
[0.930s]   Cannot generate a safe runtime search path for target motion_program
[0.930s]   because files in some directories may conflict with libraries in implicit
[0.930s]   directories:
[0.930s] 
[0.930s]     runtime library [libcurl.so.4] in /usr/lib/x86_64-linux-gnu may be hidden by files in:
[0.930s]       /home/trungty/anaconda3/lib
[0.930s]     runtime library [libcrypto.so.3] in /usr/lib/x86_64-linux-gnu may be hidden by files in:
[0.930s]       /home/trungty/anaconda3/lib
[0.930s] 
[0.930s]   Some of these libraries may not be found correctly.
[0.930s] 
[0.930s] [0m
[0.931s] -- Generating done
[0.936s] -- Build files have been written to: /home/trungty/Downloads/moveit2_UR5/build/motion_program
[0.959s] [35m[1mConsolidate compiler generated dependencies of target motion_program[0m
[0.979s] [ 50%] [32mBuilding CXX object CMakeFiles/motion_program.dir/src/motion_program.cpp.o[0m
[4.182s] [01m[K/home/trungty/Downloads/moveit2_UR5/src/motion_program/src/motion_program.cpp:[m[K In member function â€˜[01m[Kmoveit::task_constructor::Task MTCTaskNode::createTask()[m[Kâ€™:
[4.182s] [01m[K/home/trungty/Downloads/moveit2_UR5/src/motion_program/src/motion_program.cpp:197:36:[m[K [01;31m[Kerror: [m[Kâ€˜[01m[KGmake_unique[m[Kâ€™ is not a member of â€˜[01m[Kstd[m[Kâ€™; did you mean â€˜[01m[Kmake_unique[m[Kâ€™?
[4.182s]   197 |   auto stage_detach_object = std:: [01;31m[KGmake_unique[m[K<mtc::stages::ModifyPlanningScene>("detach object");
[4.182s]       |                                    [01;31m[K^~~~~~~~~~~~[m[K
[4.182s]       |                                    [32m[Kmake_unique[m[K
[4.182s] [01m[K/home/trungty/Downloads/moveit2_UR5/src/motion_program/src/motion_program.cpp:197:81:[m[K [01;31m[Kerror: [m[Kexpected primary-expression before â€˜[01m[K>[m[Kâ€™ token
[4.182s]   197 |   auto stage_detach_object = std:: Gmake_unique<mtc::stages::ModifyPlanningScene[01;31m[K>[m[K("detach object");
[4.182s]       |                                                                                 [01;31m[K^[m[K
[5.967s] gmake[2]: *** [CMakeFiles/motion_program.dir/build.make:76: CMakeFiles/motion_program.dir/src/motion_program.cpp.o] Error 1
[5.967s] gmake[1]: *** [CMakeFiles/Makefile2:137: CMakeFiles/motion_program.dir/all] Error 2
[5.967s] gmake: *** [Makefile:146: all] Error 2
[5.968s] Invoked command in '/home/trungty/Downloads/moveit2_UR5/build/motion_program' returned '2': CMAKE_PREFIX_PATH=${CMAKE_PREFIX_PATH}:/home/trungty/Downloads/moveit2_UR5/install/camera_viewer:/home/trungty/ws_moveit2/install/moveit_configs_utils:/home/trungty/ws_moveit2/install/launch_param_builder:/opt/ros/humble CONDA_PROMPT_MODIFIER=(base) /usr/bin/cmake --build /home/trungty/Downloads/moveit2_UR5/build/motion_program -- -j12 -l12
