[0.186s] Invoking command in '/home/trungty/Downloads/moveit2_UR5/build/motion_program': CMAKE_PREFIX_PATH=${CMAKE_PREFIX_PATH}:/home/trungty/Downloads/moveit2_UR5/install/camera_viewer:/home/trungty/ws_moveit2/install/moveit_configs_utils:/home/trungty/ws_moveit2/install/launch_param_builder:/opt/ros/humble CONDA_PROMPT_MODIFIER=(base) /usr/bin/cmake --build /home/trungty/Downloads/moveit2_UR5/build/motion_program -- -j12 -l12
[0.241s] [ 50%] [32mBuilding CXX object CMakeFiles/motion_program.dir/src/motion_program.cpp.o[0m
[0.553s] [01m[K/home/trungty/Downloads/moveit2_UR5/src/motion_program/src/motion_program.cpp:4:10:[m[K [01;31m[Kfatal error: [m[Kmoveit/task_constructor/task.h: No such file or directory
[0.553s]     4 | #include [01;31m[K<moveit/task_constructor/task.h>[m[K
[0.553s]       |          [01;31m[K^~~~~~~~~~~~~~~~~~~~~~~~~~~~~~~~[m[K
[0.553s] compilation terminated.
[0.562s] gmake[2]: *** [CMakeFiles/motion_program.dir/build.make:76: CMakeFiles/motion_program.dir/src/motion_program.cpp.o] Error 1
[0.562s] gmake[1]: *** [CMakeFiles/Makefile2:137: CMakeFiles/motion_program.dir/all] Error 2
[0.563s] gmake: *** [Makefile:146: all] Error 2
[0.564s] Invoked command in '/home/trungty/Downloads/moveit2_UR5/build/motion_program' returned '2': CMAKE_PREFIX_PATH=${CMAKE_PREFIX_PATH}:/home/trungty/Downloads/moveit2_UR5/install/camera_viewer:/home/trungty/ws_moveit2/install/moveit_configs_utils:/home/trungty/ws_moveit2/install/launch_param_builder:/opt/ros/humble CONDA_PROMPT_MODIFIER=(base) /usr/bin/cmake --build /home/trungty/Downloads/moveit2_UR5/build/motion_program -- -j12 -l12
